<?xml version="1.0" encoding="UTF-8"?>
<!-- Generated by org.testng.reporters.JUnitReportReporter -->
<testsuite skipped="1" hostname="VENKAT" name="testNGDemos.DisablingTestDemo" tests="4" failures="0" timestamp="04 Sep 2020 13:50:50 GMT" time="0.055" errors="0">
  <testcase name="Login" time="0.039" classname="testNGDemos.DisablingTestDemo"/>
  <testcase name="Deposit" time="0.007" classname="testNGDemos.DisablingTestDemo"/>
  <testcase name="SignOut" time="0.009" classname="testNGDemos.DisablingTestDemo"/>
  <testcase name="Withdraw" classname="testNGDemos.DisablingTestDemo">
    <skipped/>
  </testcase> <!-- Withdraw -->
</testsuite> <!-- testNGDemos.DisablingTestDemo -->
