<?xml version="1.0" encoding="UTF-8"?>
<!-- Generated by org.testng.reporters.JUnitReportReporter -->
<testsuite skipped="0" hostname="VENKAT" name="swdDemos.gridTest" tests="1" failures="0" timestamp="17 Oct 2020 10:47:56 GMT" time="59.484" errors="0">
  <testcase name="f" time="59.484" classname="swdDemos.gridTest"/>
</testsuite> <!-- swdDemos.gridTest -->
