<?xml version="1.0" encoding="UTF-8"?>
<!-- Generated by org.testng.reporters.JUnitReportReporter -->
<testsuite skipped="0" hostname="VENKAT" name="testNGDemos.AmazonTest" tests="1" failures="0" timestamp="04 Sep 2020 13:40:56 GMT" time="26.575" errors="0">
  <testcase name="aSearch" time="26.575" classname="testNGDemos.AmazonTest"/>
</testsuite> <!-- testNGDemos.AmazonTest -->
