<?xml version="1.0" encoding="UTF-8"?>
<!-- Generated by org.testng.reporters.JUnitReportReporter -->
<testsuite skipped="0" hostname="VENKAT" name="testNGDemos.GroupTestDemo" tests="2" failures="0" timestamp="04 Sep 2020 13:55:13 GMT" time="0.078" errors="0">
  <testcase name="Login" time="0.065" classname="testNGDemos.GroupTestDemo"/>
  <testcase name="SignOut" time="0.013" classname="testNGDemos.GroupTestDemo"/>
</testsuite> <!-- testNGDemos.GroupTestDemo -->
