<?xml version="1.0" encoding="UTF-8"?>
<!-- Generated by org.testng.reporters.JUnitReportReporter -->
<testsuite skipped="0" hostname="VENKAT" name="testNGDemos.ParameterTestDemo" tests="1" failures="0" timestamp="08 Sep 2020 13:20:30 GMT" time="114.096" errors="0">
  <testcase name="Search" time="114.096" classname="testNGDemos.ParameterTestDemo"/>
</testsuite> <!-- testNGDemos.ParameterTestDemo -->
