<?xml version="1.0" encoding="UTF-8"?>
<!-- Generated by org.testng.reporters.JUnitReportReporter -->
<testsuite skipped="0" hostname="VENKAT" name="testNGDemos.MultiTestDemo" tests="4" failures="0" timestamp="04 Sep 2020 13:45:01 GMT" time="0.058" errors="0">
  <testcase name="Login" time="0.005" classname="testNGDemos.MultiTestDemo"/>
  <testcase name="SignOut" time="0.003" classname="testNGDemos.MultiTestDemo"/>
  <testcase name="Deposit" time="0.039" classname="testNGDemos.MultiTestDemo"/>
  <testcase name="Withdraw" time="0.011" classname="testNGDemos.MultiTestDemo"/>
</testsuite> <!-- testNGDemos.MultiTestDemo -->
