<?xml version="1.0" encoding="UTF-8"?>
<!-- Generated by org.testng.reporters.JUnitReportReporter -->
<testsuite skipped="0" hostname="VENKAT" name="testNGDemos.PrioritizedTestingDemo" tests="4" failures="0" timestamp="04 Sep 2020 13:47:29 GMT" time="0.107" errors="0">
  <testcase name="Login" time="0.059" classname="testNGDemos.PrioritizedTestingDemo"/>
  <testcase name="Deposit" time="0.006" classname="testNGDemos.PrioritizedTestingDemo"/>
  <testcase name="Withdraw" time="0.038" classname="testNGDemos.PrioritizedTestingDemo"/>
  <testcase name="SignOut" time="0.004" classname="testNGDemos.PrioritizedTestingDemo"/>
</testsuite> <!-- testNGDemos.PrioritizedTestingDemo -->
